[debug] [2022-11-03T12:21:13.858Z] ----------------------------------------------------------------------
[debug] [2022-11-03T12:21:13.861Z] Command:       C:\Program Files\nodejs\node.exe C:\Users\asjal\AppData\Roaming\npm\node_modules\firebase-tools\lib\bin\firebase.js init
[debug] [2022-11-03T12:21:13.861Z] CLI Version:   11.16.0
[debug] [2022-11-03T12:21:13.862Z] Platform:      win32
[debug] [2022-11-03T12:21:13.862Z] Node Version:  v18.12.0
[debug] [2022-11-03T12:21:13.862Z] Time:          Thu Nov 03 2022 17:21:13 GMT+0500 (Pakistan Standard Time)
[debug] [2022-11-03T12:21:13.863Z] ----------------------------------------------------------------------
[debug] 
[debug] [2022-11-03T12:21:13.876Z] > command requires scopes: ["email","openid","https://www.googleapis.com/auth/cloudplatformprojects.readonly","https://www.googleapis.com/auth/firebase","https://www.googleapis.com/auth/cloud-platform"]
[debug] [2022-11-03T12:21:13.877Z] > authorizing via signed-in user (asjalabrar8@gmail.com)
[info] 
     ######## #### ########  ######## ########     ###     ######  ########
     ##        ##  ##     ## ##       ##     ##  ##   ##  ##       ##
     ######    ##  ########  ######   ########  #########  ######  ######
     ##        ##  ##    ##  ##       ##     ## ##     ##       ## ##
     ##       #### ##     ## ######## ########  ##     ##  ######  ########

You're about to initialize a Firebase project in this directory:

  D:\Complete Web Development Bootcamp\ReactPay\reactpay

[info] 
=== Project Setup
[info] 
[info] First, let's associate this project directory with a Firebase project.
[info] You can create multiple project aliases by running firebase use --add, 
[info] but for now we'll just set up a default project.
[info] 
